{"E:\\hassan  nawaz\\week-4\\server.js": {"path":"E:\\hassan  nawaz\\week-4\\server.js","statementMap":{"0":{"start":{"line":1,"column":16},"end":{"line":1,"column":34}},"1":{"start":{"line":3,"column":15},"end":{"line":3,"column":34}},"2":{"start":{"line":5,"column":15},"end":{"line":5,"column":24}},"3":{"start":{"line":6,"column":0},"end":{"line":6,"column":27}},"4":{"start":{"line":8,"column":0},"end":{"line":8,"column":19}},"5":{"start":{"line":10,"column":0},"end":{"line":10,"column":24}}},"fnMap":{},"branchMap":{},"s":{"0":2,"1":2,"2":2,"3":2,"4":2,"5":2},"f":{},"b":{},"_coverageSchema":"1a1c01bbd47fc00a2c39e90264f33305004495a9","hash":"ad16ff23962fac8b6623da5c20d759ee15b41ff6"}
,"E:\\hassan  nawaz\\week-4\\test-utils.js": {"path":"E:\\hassan  nawaz\\week-4\\test-utils.js","statementMap":{"0":{"start":{"line":1,"column":17},"end":{"line":1,"column":36}},"1":{"start":{"line":2,"column":15},"end":{"line":2,"column":67}},"2":{"start":{"line":4,"column":0},"end":{"line":4,"column":20}},"3":{"start":{"line":6,"column":0},"end":{"line":13,"column":1}},"4":{"start":{"line":7,"column":2},"end":{"line":11,"column":5}},"5":{"start":{"line":12,"column":2},"end":{"line":12,"column":54}},"6":{"start":{"line":12,"column":36},"end":{"line":12,"column":51}},"7":{"start":{"line":15,"column":0},"end":{"line":17,"column":1}},"8":{"start":{"line":16,"column":2},"end":{"line":16,"column":30}},"9":{"start":{"line":19,"column":0},"end":{"line":21,"column":1}},"10":{"start":{"line":20,"column":2},"end":{"line":20,"column":60}},"11":{"start":{"line":20,"column":40},"end":{"line":20,"column":58}}},"fnMap":{"0":{"name":"(anonymous_0)","decl":{"start":{"line":6,"column":27},"end":{"line":6,"column":28}},"loc":{"start":{"line":6,"column":39},"end":{"line":13,"column":1}},"line":6},"1":{"name":"(anonymous_1)","decl":{"start":{"line":12,"column":31},"end":{"line":12,"column":32}},"loc":{"start":{"line":12,"column":36},"end":{"line":12,"column":51}},"line":12},"2":{"name":"(anonymous_2)","decl":{"start":{"line":15,"column":24},"end":{"line":15,"column":25}},"loc":{"start":{"line":15,"column":36},"end":{"line":17,"column":1}},"line":15},"3":{"name":"(anonymous_3)","decl":{"start":{"line":19,"column":25},"end":{"line":19,"column":26}},"loc":{"start":{"line":19,"column":37},"end":{"line":21,"column":1}},"line":19},"4":{"name":"(anonymous_4)","decl":{"start":{"line":20,"column":31},"end":{"line":20,"column":32}},"loc":{"start":{"line":20,"column":40},"end":{"line":20,"column":58}},"line":20}},"branchMap":{},"s":{"0":2,"1":2,"2":2,"3":2,"4":2,"5":2,"6":4,"7":2,"8":2,"9":2,"10":43,"11":86},"f":{"0":2,"1":4,"2":2,"3":43,"4":86},"b":{},"_coverageSchema":"1a1c01bbd47fc00a2c39e90264f33305004495a9","hash":"b45cc2ce52bb8c017979fe1bec60e0946b1af1a1"}
,"E:\\hassan  nawaz\\week-4\\daos\\note.js": {"path":"E:\\hassan  nawaz\\week-4\\daos\\note.js","statementMap":{"0":{"start":{"line":1,"column":13},"end":{"line":1,"column":38}},"1":{"start":{"line":2,"column":0},"end":{"line":2,"column":20}},"2":{"start":{"line":4,"column":0},"end":{"line":10,"column":2}},"3":{"start":{"line":5,"column":15},"end":{"line":5,"column":73}},"4":{"start":{"line":6,"column":2},"end":{"line":8,"column":3}},"5":{"start":{"line":7,"column":4},"end":{"line":7,"column":33}},"6":{"start":{"line":9,"column":2},"end":{"line":9,"column":14}},"7":{"start":{"line":12,"column":0},"end":{"line":15,"column":2}},"8":{"start":{"line":13,"column":16},"end":{"line":13,"column":51}},"9":{"start":{"line":14,"column":2},"end":{"line":14,"column":15}},"10":{"start":{"line":17,"column":0},"end":{"line":22,"column":2}},"11":{"start":{"line":18,"column":2},"end":{"line":21,"column":5}}},"fnMap":{"0":{"name":"(anonymous_0)","decl":{"start":{"line":4,"column":25},"end":{"line":4,"column":26}},"loc":{"start":{"line":4,"column":51},"end":{"line":10,"column":1}},"line":4},"1":{"name":"(anonymous_1)","decl":{"start":{"line":12,"column":30},"end":{"line":12,"column":31}},"loc":{"start":{"line":12,"column":48},"end":{"line":15,"column":1}},"line":12},"2":{"name":"(anonymous_2)","decl":{"start":{"line":17,"column":28},"end":{"line":17,"column":29}},"loc":{"start":{"line":17,"column":55},"end":{"line":22,"column":1}},"line":17}},"branchMap":{"0":{"loc":{"start":{"line":6,"column":2},"end":{"line":8,"column":3}},"type":"if","locations":[{"start":{"line":6,"column":2},"end":{"line":8,"column":3}},{"start":{"line":6,"column":2},"end":{"line":8,"column":3}}],"line":6}},"s":{"0":2,"1":2,"2":2,"3":9,"4":8,"5":4,"6":4,"7":2,"8":2,"9":2,"10":2,"11":47},"f":{"0":9,"1":2,"2":47},"b":{"0":[4,4]},"_coverageSchema":"1a1c01bbd47fc00a2c39e90264f33305004495a9","hash":"7388e5348d8817a3ff893d5a117f76a5892bbdbc"}
,"E:\\hassan  nawaz\\week-4\\daos\\token.js": {"path":"E:\\hassan  nawaz\\week-4\\daos\\token.js","statementMap":{"0":{"start":{"line":1,"column":13},"end":{"line":1,"column":38}},"1":{"start":{"line":3,"column":13},"end":{"line":3,"column":38}},"2":{"start":{"line":5,"column":14},"end":{"line":5,"column":40}},"3":{"start":{"line":7,"column":0},"end":{"line":7,"column":20}},"4":{"start":{"line":9,"column":0},"end":{"line":11,"column":2}},"5":{"start":{"line":10,"column":2},"end":{"line":10,"column":56}},"6":{"start":{"line":13,"column":0},"end":{"line":18,"column":2}},"7":{"start":{"line":14,"column":2},"end":{"line":17,"column":5}},"8":{"start":{"line":20,"column":0},"end":{"line":26,"column":2}},"9":{"start":{"line":21,"column":16},"end":{"line":21,"column":59}},"10":{"start":{"line":22,"column":2},"end":{"line":24,"column":3}},"11":{"start":{"line":23,"column":4},"end":{"line":23,"column":16}},"12":{"start":{"line":25,"column":2},"end":{"line":25,"column":22}},"13":{"start":{"line":28,"column":0},"end":{"line":30,"column":2}},"14":{"start":{"line":29,"column":2},"end":{"line":29,"column":52}}},"fnMap":{"0":{"name":"(anonymous_0)","decl":{"start":{"line":9,"column":35},"end":{"line":9,"column":36}},"loc":{"start":{"line":9,"column":53},"end":{"line":11,"column":1}},"line":9},"1":{"name":"(anonymous_1)","decl":{"start":{"line":13,"column":24},"end":{"line":13,"column":25}},"loc":{"start":{"line":13,"column":49},"end":{"line":18,"column":1}},"line":13},"2":{"name":"(anonymous_2)","decl":{"start":{"line":20,"column":36},"end":{"line":20,"column":37}},"loc":{"start":{"line":20,"column":59},"end":{"line":26,"column":1}},"line":20},"3":{"name":"(anonymous_3)","decl":{"start":{"line":28,"column":29},"end":{"line":28,"column":30}},"loc":{"start":{"line":28,"column":52},"end":{"line":30,"column":1}},"line":28}},"branchMap":{"0":{"loc":{"start":{"line":22,"column":2},"end":{"line":24,"column":3}},"type":"if","locations":[{"start":{"line":22,"column":2},"end":{"line":24,"column":3}},{"start":{"line":22,"column":2},"end":{"line":24,"column":3}}],"line":22}},"s":{"0":2,"1":2,"2":2,"3":2,"4":2,"5":0,"6":2,"7":50,"8":2,"9":72,"10":72,"11":7,"12":65,"13":2,"14":2},"f":{"0":0,"1":50,"2":72,"3":2},"b":{"0":[7,65]},"_coverageSchema":"1a1c01bbd47fc00a2c39e90264f33305004495a9","hash":"1d736927e72016b233344c1aafd8fe75ad13ca4a"}
,"E:\\hassan  nawaz\\week-4\\daos\\user.js": {"path":"E:\\hassan  nawaz\\week-4\\daos\\user.js","statementMap":{"0":{"start":{"line":1,"column":17},"end":{"line":1,"column":36}},"1":{"start":{"line":2,"column":13},"end":{"line":2,"column":38}},"2":{"start":{"line":4,"column":0},"end":{"line":4,"column":20}},"3":{"start":{"line":6,"column":0},"end":{"line":8,"column":2}},"4":{"start":{"line":7,"column":2},"end":{"line":7,"column":53}},"5":{"start":{"line":10,"column":0},"end":{"line":17,"column":2}},"6":{"start":{"line":11,"column":2},"end":{"line":16,"column":3}},"7":{"start":{"line":12,"column":17},"end":{"line":12,"column":43}},"8":{"start":{"line":13,"column":4},"end":{"line":13,"column":16}},"9":{"start":{"line":15,"column":4},"end":{"line":15,"column":36}},"10":{"start":{"line":19,"column":0},"end":{"line":24,"column":2}},"11":{"start":{"line":20,"column":2},"end":{"line":23,"column":4}},"12":{"start":{"line":26,"column":0},"end":{"line":28,"column":2}},"13":{"start":{"line":27,"column":2},"end":{"line":27,"column":52}}},"fnMap":{"0":{"name":"(anonymous_0)","decl":{"start":{"line":6,"column":25},"end":{"line":6,"column":26}},"loc":{"start":{"line":6,"column":42},"end":{"line":8,"column":1}},"line":6},"1":{"name":"(anonymous_1)","decl":{"start":{"line":10,"column":28},"end":{"line":10,"column":29}},"loc":{"start":{"line":10,"column":47},"end":{"line":17,"column":1}},"line":10},"2":{"name":"(anonymous_2)","decl":{"start":{"line":19,"column":36},"end":{"line":19,"column":37}},"loc":{"start":{"line":19,"column":64},"end":{"line":24,"column":1}},"line":19},"3":{"name":"(anonymous_3)","decl":{"start":{"line":26,"column":29},"end":{"line":26,"column":30}},"loc":{"start":{"line":26,"column":47},"end":{"line":28,"column":1}},"line":26}},"branchMap":{},"s":{"0":2,"1":2,"2":2,"3":2,"4":119,"5":2,"6":61,"7":61,"8":61,"9":0,"10":2,"11":4,"12":2,"13":65},"f":{"0":119,"1":61,"2":4,"3":65},"b":{},"_coverageSchema":"1a1c01bbd47fc00a2c39e90264f33305004495a9","hash":"1d32a6e48946765cb51edee92858c8de9da1c311"}
,"E:\\hassan  nawaz\\week-4\\middleware\\logging.js": {"path":"E:\\hassan  nawaz\\week-4\\middleware\\logging.js","statementMap":{"0":{"start":{"line":1,"column":19},"end":{"line":1,"column":37}},"1":{"start":{"line":2,"column":16},"end":{"line":2,"column":39}},"2":{"start":{"line":3,"column":17},"end":{"line":3,"column":41}},"3":{"start":{"line":5,"column":19},"end":{"line":26,"column":1}},"4":{"start":{"line":6,"column":14},"end":{"line":6,"column":41}},"5":{"start":{"line":7,"column":2},"end":{"line":10,"column":3}},"6":{"start":{"line":8,"column":4},"end":{"line":8,"column":44}},"7":{"start":{"line":9,"column":4},"end":{"line":9,"column":11}},"8":{"start":{"line":11,"column":15},"end":{"line":11,"column":24}},"9":{"start":{"line":12,"column":2},"end":{"line":14,"column":3}},"10":{"start":{"line":13,"column":4},"end":{"line":13,"column":54}},"11":{"start":{"line":15,"column":2},"end":{"line":15,"column":48}},"12":{"start":{"line":16,"column":17},"end":{"line":16,"column":57}},"13":{"start":{"line":18,"column":2},"end":{"line":20,"column":3}},"14":{"start":{"line":19,"column":4},"end":{"line":19,"column":61}},"15":{"start":{"line":21,"column":15},"end":{"line":21,"column":48}},"16":{"start":{"line":23,"column":2},"end":{"line":23,"column":18}},"17":{"start":{"line":24,"column":2},"end":{"line":24,"column":20}},"18":{"start":{"line":25,"column":2},"end":{"line":25,"column":9}},"19":{"start":{"line":28,"column":0},"end":{"line":28,"column":28}}},"fnMap":{"0":{"name":"(anonymous_0)","decl":{"start":{"line":5,"column":19},"end":{"line":5,"column":20}},"loc":{"start":{"line":5,"column":51},"end":{"line":26,"column":1}},"line":5}},"branchMap":{"0":{"loc":{"start":{"line":7,"column":2},"end":{"line":10,"column":3}},"type":"if","locations":[{"start":{"line":7,"column":2},"end":{"line":10,"column":3}},{"start":{"line":7,"column":2},"end":{"line":10,"column":3}}],"line":7},"1":{"loc":{"start":{"line":12,"column":2},"end":{"line":14,"column":3}},"type":"if","locations":[{"start":{"line":12,"column":2},"end":{"line":14,"column":3}},{"start":{"line":12,"column":2},"end":{"line":14,"column":3}}],"line":12},"2":{"loc":{"start":{"line":18,"column":2},"end":{"line":20,"column":3}},"type":"if","locations":[{"start":{"line":18,"column":2},"end":{"line":20,"column":3}},{"start":{"line":18,"column":2},"end":{"line":20,"column":3}}],"line":18}},"s":{"0":2,"1":2,"2":2,"3":2,"4":77,"5":77,"6":5,"7":5,"8":72,"9":72,"10":0,"11":72,"12":72,"13":72,"14":7,"15":65,"16":65,"17":65,"18":65,"19":2},"f":{"0":77},"b":{"0":[5,72],"1":[0,72],"2":[7,65]},"_coverageSchema":"1a1c01bbd47fc00a2c39e90264f33305004495a9","hash":"1e14f36cb8fe364b6399d21ee026d65ff6e02d91"}
,"E:\\hassan  nawaz\\week-4\\models\\note.js": {"path":"E:\\hassan  nawaz\\week-4\\models\\note.js","statementMap":{"0":{"start":{"line":1,"column":17},"end":{"line":1,"column":36}},"1":{"start":{"line":2,"column":19},"end":{"line":5,"column":2}},"2":{"start":{"line":6,"column":0},"end":{"line":6,"column":53}}},"fnMap":{},"branchMap":{},"s":{"0":2,"1":2,"2":2},"f":{},"b":{},"_coverageSchema":"1a1c01bbd47fc00a2c39e90264f33305004495a9","hash":"7fe77871d2127808e0121fa9b92c1aede7b51147"}
,"E:\\hassan  nawaz\\week-4\\models\\token.js": {"path":"E:\\hassan  nawaz\\week-4\\models\\token.js","statementMap":{"0":{"start":{"line":1,"column":17},"end":{"line":1,"column":36}},"1":{"start":{"line":3,"column":20},"end":{"line":6,"column":2}},"2":{"start":{"line":8,"column":0},"end":{"line":8,"column":55}}},"fnMap":{},"branchMap":{},"s":{"0":2,"1":2,"2":2},"f":{},"b":{},"_coverageSchema":"1a1c01bbd47fc00a2c39e90264f33305004495a9","hash":"36b908256de8f35401171d428e6a9e1735f951df"}
,"E:\\hassan  nawaz\\week-4\\models\\user.js": {"path":"E:\\hassan  nawaz\\week-4\\models\\user.js","statementMap":{"0":{"start":{"line":1,"column":17},"end":{"line":1,"column":36}},"1":{"start":{"line":3,"column":19},"end":{"line":6,"column":2}},"2":{"start":{"line":8,"column":0},"end":{"line":8,"column":53}}},"fnMap":{},"branchMap":{},"s":{"0":2,"1":2,"2":2},"f":{},"b":{},"_coverageSchema":"1a1c01bbd47fc00a2c39e90264f33305004495a9","hash":"290d4dac3ef293f2e8f92c12b859779d18968954"}
,"E:\\hassan  nawaz\\week-4\\routes\\index.js": {"path":"E:\\hassan  nawaz\\week-4\\routes\\index.js","statementMap":{"0":{"start":{"line":1,"column":19},"end":{"line":1,"column":37}},"1":{"start":{"line":2,"column":15},"end":{"line":2,"column":23}},"2":{"start":{"line":3,"column":0},"end":{"line":3,"column":40}},"3":{"start":{"line":4,"column":0},"end":{"line":4,"column":41}},"4":{"start":{"line":6,"column":0},"end":{"line":6,"column":24}}},"fnMap":{},"branchMap":{},"s":{"0":2,"1":2,"2":2,"3":2,"4":2},"f":{},"b":{},"_coverageSchema":"1a1c01bbd47fc00a2c39e90264f33305004495a9","hash":"a3d1fdb9be74cf10410daed42613d7bf19c081f5"}
,"E:\\hassan  nawaz\\week-4\\routes\\notes.js": {"path":"E:\\hassan  nawaz\\week-4\\routes\\notes.js","statementMap":{"0":{"start":{"line":1,"column":19},"end":{"line":1,"column":37}},"1":{"start":{"line":2,"column":15},"end":{"line":2,"column":44}},"2":{"start":{"line":4,"column":16},"end":{"line":4,"column":39}},"3":{"start":{"line":5,"column":19},"end":{"line":5,"column":51}},"4":{"start":{"line":7,"column":0},"end":{"line":9,"column":3}},"5":{"start":{"line":8,"column":2},"end":{"line":8,"column":29}},"6":{"start":{"line":12,"column":0},"end":{"line":25,"column":3}},"7":{"start":{"line":13,"column":13},"end":{"line":13,"column":21}},"8":{"start":{"line":14,"column":13},"end":{"line":14,"column":21}},"9":{"start":{"line":15,"column":2},"end":{"line":18,"column":3}},"10":{"start":{"line":16,"column":4},"end":{"line":16,"column":43}},"11":{"start":{"line":17,"column":4},"end":{"line":17,"column":11}},"12":{"start":{"line":19,"column":2},"end":{"line":24,"column":3}},"13":{"start":{"line":20,"column":25},"end":{"line":20,"column":70}},"14":{"start":{"line":21,"column":4},"end":{"line":21,"column":29}},"15":{"start":{"line":23,"column":4},"end":{"line":23,"column":12}},"16":{"start":{"line":28,"column":0},"end":{"line":35,"column":3}},"17":{"start":{"line":29,"column":2},"end":{"line":34,"column":3}},"18":{"start":{"line":30,"column":16},"end":{"line":30,"column":56}},"19":{"start":{"line":31,"column":4},"end":{"line":31,"column":20}},"20":{"start":{"line":33,"column":4},"end":{"line":33,"column":12}},"21":{"start":{"line":38,"column":0},"end":{"line":46,"column":3}},"22":{"start":{"line":39,"column":2},"end":{"line":45,"column":3}},"23":{"start":{"line":40,"column":15},"end":{"line":40,"column":65}},"24":{"start":{"line":41,"column":4},"end":{"line":41,"column":19}},"25":{"start":{"line":44,"column":4},"end":{"line":44,"column":12}},"26":{"start":{"line":48,"column":0},"end":{"line":56,"column":3}},"27":{"start":{"line":49,"column":2},"end":{"line":55,"column":3}},"28":{"start":{"line":50,"column":4},"end":{"line":50,"column":48}},"29":{"start":{"line":51,"column":9},"end":{"line":55,"column":3}},"30":{"start":{"line":52,"column":4},"end":{"line":52,"column":45}},"31":{"start":{"line":54,"column":4},"end":{"line":54,"column":41}},"32":{"start":{"line":58,"column":0},"end":{"line":58,"column":24}}},"fnMap":{"0":{"name":"(anonymous_0)","decl":{"start":{"line":7,"column":11},"end":{"line":7,"column":12}},"loc":{"start":{"line":7,"column":37},"end":{"line":9,"column":1}},"line":7},"1":{"name":"(anonymous_1)","decl":{"start":{"line":12,"column":17},"end":{"line":12,"column":18}},"loc":{"start":{"line":12,"column":43},"end":{"line":25,"column":1}},"line":12},"2":{"name":"(anonymous_2)","decl":{"start":{"line":28,"column":16},"end":{"line":28,"column":17}},"loc":{"start":{"line":28,"column":42},"end":{"line":35,"column":1}},"line":28},"3":{"name":"(anonymous_3)","decl":{"start":{"line":38,"column":19},"end":{"line":38,"column":20}},"loc":{"start":{"line":38,"column":45},"end":{"line":46,"column":1}},"line":38},"4":{"name":"(anonymous_4)","decl":{"start":{"line":48,"column":11},"end":{"line":48,"column":12}},"loc":{"start":{"line":48,"column":42},"end":{"line":56,"column":1}},"line":48}},"branchMap":{"0":{"loc":{"start":{"line":15,"column":2},"end":{"line":18,"column":3}},"type":"if","locations":[{"start":{"line":15,"column":2},"end":{"line":18,"column":3}},{"start":{"line":15,"column":2},"end":{"line":18,"column":3}}],"line":15},"1":{"loc":{"start":{"line":49,"column":2},"end":{"line":55,"column":3}},"type":"if","locations":[{"start":{"line":49,"column":2},"end":{"line":55,"column":3}},{"start":{"line":49,"column":2},"end":{"line":55,"column":3}}],"line":49},"2":{"loc":{"start":{"line":51,"column":9},"end":{"line":55,"column":3}},"type":"if","locations":[{"start":{"line":51,"column":9},"end":{"line":55,"column":3}},{"start":{"line":51,"column":9},"end":{"line":55,"column":3}}],"line":51}},"s":{"0":2,"1":2,"2":2,"3":2,"4":2,"5":64,"6":2,"7":47,"8":47,"9":47,"10":0,"11":0,"12":47,"13":47,"14":47,"15":0,"16":2,"17":2,"18":2,"19":2,"20":0,"21":2,"22":9,"23":9,"24":4,"25":5,"26":2,"27":5,"28":1,"29":4,"30":4,"31":0,"32":2},"f":{"0":64,"1":47,"2":2,"3":9,"4":5},"b":{"0":[0,47],"1":[1,4],"2":[4,0]},"_coverageSchema":"1a1c01bbd47fc00a2c39e90264f33305004495a9","hash":"1e744d09a4e93005b82f8506b413bdd5383bece8"}
,"E:\\hassan  nawaz\\week-4\\routes\\user.js": {"path":"E:\\hassan  nawaz\\week-4\\routes\\user.js","statementMap":{"0":{"start":{"line":1,"column":19},"end":{"line":1,"column":37}},"1":{"start":{"line":2,"column":15},"end":{"line":2,"column":44}},"2":{"start":{"line":4,"column":16},"end":{"line":4,"column":39}},"3":{"start":{"line":5,"column":17},"end":{"line":5,"column":41}},"4":{"start":{"line":6,"column":15},"end":{"line":6,"column":32}},"5":{"start":{"line":7,"column":12},"end":{"line":7,"column":35}},"6":{"start":{"line":8,"column":15},"end":{"line":8,"column":38}},"7":{"start":{"line":9,"column":19},"end":{"line":9,"column":51}},"8":{"start":{"line":11,"column":0},"end":{"line":51,"column":3}},"9":{"start":{"line":12,"column":15},"end":{"line":12,"column":23}},"10":{"start":{"line":13,"column":2},"end":{"line":16,"column":3}},"11":{"start":{"line":14,"column":4},"end":{"line":14,"column":43}},"12":{"start":{"line":15,"column":4},"end":{"line":15,"column":11}},"13":{"start":{"line":17,"column":2},"end":{"line":20,"column":3}},"14":{"start":{"line":18,"column":4},"end":{"line":18,"column":44}},"15":{"start":{"line":19,"column":4},"end":{"line":19,"column":11}},"16":{"start":{"line":21,"column":2},"end":{"line":24,"column":3}},"17":{"start":{"line":22,"column":4},"end":{"line":22,"column":40}},"18":{"start":{"line":23,"column":4},"end":{"line":23,"column":11}},"19":{"start":{"line":25,"column":2},"end":{"line":28,"column":3}},"20":{"start":{"line":26,"column":4},"end":{"line":26,"column":47}},"21":{"start":{"line":27,"column":4},"end":{"line":27,"column":11}},"22":{"start":{"line":29,"column":2},"end":{"line":32,"column":3}},"23":{"start":{"line":30,"column":4},"end":{"line":30,"column":43}},"24":{"start":{"line":31,"column":4},"end":{"line":31,"column":11}},"25":{"start":{"line":33,"column":16},"end":{"line":33,"column":33}},"26":{"start":{"line":35,"column":20},"end":{"line":35,"column":48}},"27":{"start":{"line":37,"column":2},"end":{"line":40,"column":3}},"28":{"start":{"line":38,"column":4},"end":{"line":38,"column":51}},"29":{"start":{"line":39,"column":4},"end":{"line":39,"column":11}},"30":{"start":{"line":42,"column":23},"end":{"line":42,"column":43}},"31":{"start":{"line":43,"column":18},"end":{"line":43,"column":53}},"32":{"start":{"line":45,"column":21},"end":{"line":48,"column":4}},"33":{"start":{"line":49,"column":2},"end":{"line":49,"column":24}},"34":{"start":{"line":50,"column":2},"end":{"line":50,"column":29}},"35":{"start":{"line":54,"column":0},"end":{"line":90,"column":3}},"36":{"start":{"line":55,"column":15},"end":{"line":55,"column":23}},"37":{"start":{"line":56,"column":2},"end":{"line":59,"column":3}},"38":{"start":{"line":57,"column":4},"end":{"line":57,"column":43}},"39":{"start":{"line":58,"column":4},"end":{"line":58,"column":11}},"40":{"start":{"line":61,"column":14},"end":{"line":61,"column":26}},"41":{"start":{"line":62,"column":19},"end":{"line":62,"column":47}},"42":{"start":{"line":64,"column":2},"end":{"line":67,"column":3}},"43":{"start":{"line":65,"column":4},"end":{"line":65,"column":43}},"44":{"start":{"line":66,"column":4},"end":{"line":66,"column":11}},"45":{"start":{"line":68,"column":19},"end":{"line":68,"column":34}},"46":{"start":{"line":69,"column":2},"end":{"line":72,"column":3}},"47":{"start":{"line":70,"column":4},"end":{"line":70,"column":47}},"48":{"start":{"line":71,"column":4},"end":{"line":71,"column":11}},"49":{"start":{"line":73,"column":2},"end":{"line":73,"column":33}},"50":{"start":{"line":74,"column":2},"end":{"line":77,"column":3}},"51":{"start":{"line":75,"column":4},"end":{"line":75,"column":43}},"52":{"start":{"line":76,"column":4},"end":{"line":76,"column":11}},"53":{"start":{"line":79,"column":15},"end":{"line":79,"column":68}},"54":{"start":{"line":80,"column":2},"end":{"line":83,"column":3}},"55":{"start":{"line":81,"column":4},"end":{"line":81,"column":48}},"56":{"start":{"line":82,"column":4},"end":{"line":82,"column":11}},"57":{"start":{"line":85,"column":14},"end":{"line":85,"column":48}},"58":{"start":{"line":86,"column":17},"end":{"line":86,"column":61}},"59":{"start":{"line":87,"column":2},"end":{"line":89,"column":3}},"60":{"start":{"line":88,"column":4},"end":{"line":88,"column":23}},"61":{"start":{"line":92,"column":0},"end":{"line":94,"column":3}},"62":{"start":{"line":93,"column":2},"end":{"line":93,"column":29}},"63":{"start":{"line":96,"column":0},"end":{"line":112,"column":3}},"64":{"start":{"line":97,"column":17},"end":{"line":97,"column":34}},"65":{"start":{"line":98,"column":2},"end":{"line":101,"column":3}},"66":{"start":{"line":99,"column":4},"end":{"line":99,"column":49}},"67":{"start":{"line":100,"column":4},"end":{"line":100,"column":11}},"68":{"start":{"line":103,"column":2},"end":{"line":103,"column":29}},"69":{"start":{"line":105,"column":2},"end":{"line":108,"column":3}},"70":{"start":{"line":106,"column":4},"end":{"line":106,"column":49}},"71":{"start":{"line":107,"column":4},"end":{"line":107,"column":11}},"72":{"start":{"line":109,"column":18},"end":{"line":109,"column":49}},"73":{"start":{"line":110,"column":21},"end":{"line":110,"column":78}},"74":{"start":{"line":111,"column":2},"end":{"line":111,"column":29}},"75":{"start":{"line":114,"column":0},"end":{"line":118,"column":3}},"76":{"start":{"line":115,"column":14},"end":{"line":115,"column":23}},"77":{"start":{"line":116,"column":2},"end":{"line":116,"column":30}},"78":{"start":{"line":117,"column":2},"end":{"line":117,"column":43}},"79":{"start":{"line":120,"column":0},"end":{"line":120,"column":24}}},"fnMap":{"0":{"name":"(anonymous_0)","decl":{"start":{"line":11,"column":23},"end":{"line":11,"column":24}},"loc":{"start":{"line":11,"column":49},"end":{"line":51,"column":1}},"line":11},"1":{"name":"(anonymous_1)","decl":{"start":{"line":54,"column":17},"end":{"line":54,"column":18}},"loc":{"start":{"line":54,"column":43},"end":{"line":90,"column":1}},"line":54},"2":{"name":"(anonymous_2)","decl":{"start":{"line":92,"column":11},"end":{"line":92,"column":12}},"loc":{"start":{"line":92,"column":37},"end":{"line":94,"column":1}},"line":92},"3":{"name":"(anonymous_3)","decl":{"start":{"line":96,"column":25},"end":{"line":96,"column":26}},"loc":{"start":{"line":96,"column":51},"end":{"line":112,"column":1}},"line":96},"4":{"name":"(anonymous_4)","decl":{"start":{"line":114,"column":23},"end":{"line":114,"column":24}},"loc":{"start":{"line":114,"column":49},"end":{"line":118,"column":1}},"line":114}},"branchMap":{"0":{"loc":{"start":{"line":13,"column":2},"end":{"line":16,"column":3}},"type":"if","locations":[{"start":{"line":13,"column":2},"end":{"line":16,"column":3}},{"start":{"line":13,"column":2},"end":{"line":16,"column":3}}],"line":13},"1":{"loc":{"start":{"line":17,"column":2},"end":{"line":20,"column":3}},"type":"if","locations":[{"start":{"line":17,"column":2},"end":{"line":20,"column":3}},{"start":{"line":17,"column":2},"end":{"line":20,"column":3}}],"line":17},"2":{"loc":{"start":{"line":21,"column":2},"end":{"line":24,"column":3}},"type":"if","locations":[{"start":{"line":21,"column":2},"end":{"line":24,"column":3}},{"start":{"line":21,"column":2},"end":{"line":24,"column":3}}],"line":21},"3":{"loc":{"start":{"line":25,"column":2},"end":{"line":28,"column":3}},"type":"if","locations":[{"start":{"line":25,"column":2},"end":{"line":28,"column":3}},{"start":{"line":25,"column":2},"end":{"line":28,"column":3}}],"line":25},"4":{"loc":{"start":{"line":29,"column":2},"end":{"line":32,"column":3}},"type":"if","locations":[{"start":{"line":29,"column":2},"end":{"line":32,"column":3}},{"start":{"line":29,"column":2},"end":{"line":32,"column":3}}],"line":29},"5":{"loc":{"start":{"line":37,"column":2},"end":{"line":40,"column":3}},"type":"if","locations":[{"start":{"line":37,"column":2},"end":{"line":40,"column":3}},{"start":{"line":37,"column":2},"end":{"line":40,"column":3}}],"line":37},"6":{"loc":{"start":{"line":56,"column":2},"end":{"line":59,"column":3}},"type":"if","locations":[{"start":{"line":56,"column":2},"end":{"line":59,"column":3}},{"start":{"line":56,"column":2},"end":{"line":59,"column":3}}],"line":56},"7":{"loc":{"start":{"line":64,"column":2},"end":{"line":67,"column":3}},"type":"if","locations":[{"start":{"line":64,"column":2},"end":{"line":67,"column":3}},{"start":{"line":64,"column":2},"end":{"line":67,"column":3}}],"line":64},"8":{"loc":{"start":{"line":69,"column":2},"end":{"line":72,"column":3}},"type":"if","locations":[{"start":{"line":69,"column":2},"end":{"line":72,"column":3}},{"start":{"line":69,"column":2},"end":{"line":72,"column":3}}],"line":69},"9":{"loc":{"start":{"line":74,"column":2},"end":{"line":77,"column":3}},"type":"if","locations":[{"start":{"line":74,"column":2},"end":{"line":77,"column":3}},{"start":{"line":74,"column":2},"end":{"line":77,"column":3}}],"line":74},"10":{"loc":{"start":{"line":80,"column":2},"end":{"line":83,"column":3}},"type":"if","locations":[{"start":{"line":80,"column":2},"end":{"line":83,"column":3}},{"start":{"line":80,"column":2},"end":{"line":83,"column":3}}],"line":80},"11":{"loc":{"start":{"line":87,"column":2},"end":{"line":89,"column":3}},"type":"if","locations":[{"start":{"line":87,"column":2},"end":{"line":89,"column":3}},{"start":{"line":87,"column":2},"end":{"line":89,"column":3}}],"line":87},"12":{"loc":{"start":{"line":98,"column":2},"end":{"line":101,"column":3}},"type":"if","locations":[{"start":{"line":98,"column":2},"end":{"line":101,"column":3}},{"start":{"line":98,"column":2},"end":{"line":101,"column":3}}],"line":98},"13":{"loc":{"start":{"line":105,"column":2},"end":{"line":108,"column":3}},"type":"if","locations":[{"start":{"line":105,"column":2},"end":{"line":108,"column":3}},{"start":{"line":105,"column":2},"end":{"line":108,"column":3}}],"line":105}},"s":{"0":2,"1":2,"2":2,"3":2,"4":2,"5":2,"6":2,"7":2,"8":2,"9":64,"10":64,"11":0,"12":0,"13":64,"14":0,"15":0,"16":64,"17":0,"18":0,"19":64,"20":2,"21":2,"22":62,"23":0,"24":0,"25":62,"26":62,"27":62,"28":1,"29":1,"30":61,"31":61,"32":61,"33":61,"34":61,"35":2,"36":57,"37":57,"38":0,"39":0,"40":57,"41":57,"42":57,"43":1,"44":1,"45":56,"46":56,"47":2,"48":2,"49":54,"50":54,"51":0,"52":0,"53":54,"54":54,"55":4,"56":4,"57":50,"58":50,"59":50,"60":50,"61":2,"62":13,"63":2,"64":5,"65":5,"66":1,"67":1,"68":4,"69":4,"70":0,"71":0,"72":4,"73":4,"74":4,"75":2,"76":2,"77":2,"78":2,"79":2},"f":{"0":64,"1":57,"2":13,"3":5,"4":2},"b":{"0":[0,64],"1":[0,64],"2":[0,64],"3":[2,62],"4":[0,62],"5":[1,61],"6":[0,57],"7":[1,56],"8":[2,54],"9":[0,54],"10":[4,50],"11":[50,0],"12":[1,4],"13":[0,4]},"_coverageSchema":"1a1c01bbd47fc00a2c39e90264f33305004495a9","hash":"b5f0519849d748459a273a6c5537dad9080e7eb7"}
}
