TN:
SF:server.js
FNF:0
FNH:0
DA:1,2
DA:3,2
DA:5,2
DA:6,2
DA:8,2
DA:10,2
LF:6
LH:6
BRF:0
BRH:0
end_of_record
TN:
SF:test-utils.js
FN:6,(anonymous_0)
FN:12,(anonymous_1)
FN:15,(anonymous_2)
FN:19,(anonymous_3)
FN:20,(anonymous_4)
FNF:5
FNH:5
FNDA:2,(anonymous_0)
FNDA:4,(anonymous_1)
FNDA:2,(anonymous_2)
FNDA:43,(anonymous_3)
FNDA:86,(anonymous_4)
DA:1,2
DA:2,2
DA:4,2
DA:6,2
DA:7,2
DA:12,4
DA:15,2
DA:16,2
DA:19,2
DA:20,86
LF:10
LH:10
BRF:0
BRH:0
end_of_record
TN:
SF:daos\note.js
FN:4,(anonymous_0)
FN:12,(anonymous_1)
FN:17,(anonymous_2)
FNF:3
FNH:3
FNDA:9,(anonymous_0)
FNDA:2,(anonymous_1)
FNDA:47,(anonymous_2)
DA:1,2
DA:2,2
DA:4,2
DA:5,9
DA:6,8
DA:7,4
DA:9,4
DA:12,2
DA:13,2
DA:14,2
DA:17,2
DA:18,47
LF:12
LH:12
BRDA:6,0,0,4
BRDA:6,0,1,4
BRF:2
BRH:2
end_of_record
TN:
SF:daos\token.js
FN:9,(anonymous_0)
FN:13,(anonymous_1)
FN:20,(anonymous_2)
FN:28,(anonymous_3)
FNF:4
FNH:3
FNDA:0,(anonymous_0)
FNDA:50,(anonymous_1)
FNDA:72,(anonymous_2)
FNDA:2,(anonymous_3)
DA:1,2
DA:3,2
DA:5,2
DA:7,2
DA:9,2
DA:10,0
DA:13,2
DA:14,50
DA:20,2
DA:21,72
DA:22,72
DA:23,7
DA:25,65
DA:28,2
DA:29,2
LF:15
LH:14
BRDA:22,0,0,7
BRDA:22,0,1,65
BRF:2
BRH:2
end_of_record
TN:
SF:daos\user.js
FN:6,(anonymous_0)
FN:10,(anonymous_1)
FN:19,(anonymous_2)
FN:26,(anonymous_3)
FNF:4
FNH:4
FNDA:119,(anonymous_0)
FNDA:61,(anonymous_1)
FNDA:4,(anonymous_2)
FNDA:65,(anonymous_3)
DA:1,2
DA:2,2
DA:4,2
DA:6,2
DA:7,119
DA:10,2
DA:11,61
DA:12,61
DA:13,61
DA:15,0
DA:19,2
DA:20,4
DA:26,2
DA:27,65
LF:14
LH:13
BRF:0
BRH:0
end_of_record
TN:
SF:middleware\logging.js
FN:5,(anonymous_0)
FNF:1
FNH:1
FNDA:77,(anonymous_0)
DA:1,2
DA:2,2
DA:3,2
DA:5,2
DA:6,77
DA:7,77
DA:8,5
DA:9,5
DA:11,72
DA:12,72
DA:13,0
DA:15,72
DA:16,72
DA:18,72
DA:19,7
DA:21,65
DA:23,65
DA:24,65
DA:25,65
DA:28,2
LF:20
LH:19
BRDA:7,0,0,5
BRDA:7,0,1,72
BRDA:12,1,0,0
BRDA:12,1,1,72
BRDA:18,2,0,7
BRDA:18,2,1,65
BRF:6
BRH:5
end_of_record
TN:
SF:models\note.js
FNF:0
FNH:0
DA:1,2
DA:2,2
DA:6,2
LF:3
LH:3
BRF:0
BRH:0
end_of_record
TN:
SF:models\token.js
FNF:0
FNH:0
DA:1,2
DA:3,2
DA:8,2
LF:3
LH:3
BRF:0
BRH:0
end_of_record
TN:
SF:models\user.js
FNF:0
FNH:0
DA:1,2
DA:3,2
DA:8,2
LF:3
LH:3
BRF:0
BRH:0
end_of_record
TN:
SF:routes\index.js
FNF:0
FNH:0
DA:1,2
DA:2,2
DA:3,2
DA:4,2
DA:6,2
LF:5
LH:5
BRF:0
BRH:0
end_of_record
TN:
SF:routes\notes.js
FN:7,(anonymous_0)
FN:12,(anonymous_1)
FN:28,(anonymous_2)
FN:38,(anonymous_3)
FN:48,(anonymous_4)
FNF:5
FNH:5
FNDA:64,(anonymous_0)
FNDA:47,(anonymous_1)
FNDA:2,(anonymous_2)
FNDA:9,(anonymous_3)
FNDA:5,(anonymous_4)
DA:1,2
DA:2,2
DA:4,2
DA:5,2
DA:7,2
DA:8,64
DA:12,2
DA:13,47
DA:14,47
DA:15,47
DA:16,0
DA:17,0
DA:19,47
DA:20,47
DA:21,47
DA:23,0
DA:28,2
DA:29,2
DA:30,2
DA:31,2
DA:33,0
DA:38,2
DA:39,9
DA:40,9
DA:41,4
DA:44,5
DA:48,2
DA:49,5
DA:50,1
DA:51,4
DA:52,4
DA:54,0
DA:58,2
LF:33
LH:28
BRDA:15,0,0,0
BRDA:15,0,1,47
BRDA:49,1,0,1
BRDA:49,1,1,4
BRDA:51,2,0,4
BRDA:51,2,1,0
BRF:6
BRH:4
end_of_record
TN:
SF:routes\user.js
FN:11,(anonymous_0)
FN:54,(anonymous_1)
FN:92,(anonymous_2)
FN:96,(anonymous_3)
FN:114,(anonymous_4)
FNF:5
FNH:5
FNDA:64,(anonymous_0)
FNDA:57,(anonymous_1)
FNDA:13,(anonymous_2)
FNDA:5,(anonymous_3)
FNDA:2,(anonymous_4)
DA:1,2
DA:2,2
DA:4,2
DA:5,2
DA:6,2
DA:7,2
DA:8,2
DA:9,2
DA:11,2
DA:12,64
DA:13,64
DA:14,0
DA:15,0
DA:17,64
DA:18,0
DA:19,0
DA:21,64
DA:22,0
DA:23,0
DA:25,64
DA:26,2
DA:27,2
DA:29,62
DA:30,0
DA:31,0
DA:33,62
DA:35,62
DA:37,62
DA:38,1
DA:39,1
DA:42,61
DA:43,61
DA:45,61
DA:49,61
DA:50,61
DA:54,2
DA:55,57
DA:56,57
DA:57,0
DA:58,0
DA:61,57
DA:62,57
DA:64,57
DA:65,1
DA:66,1
DA:68,56
DA:69,56
DA:70,2
DA:71,2
DA:73,54
DA:74,54
DA:75,0
DA:76,0
DA:79,54
DA:80,54
DA:81,4
DA:82,4
DA:85,50
DA:86,50
DA:87,50
DA:88,50
DA:92,2
DA:93,13
DA:96,2
DA:97,5
DA:98,5
DA:99,1
DA:100,1
DA:103,4
DA:105,4
DA:106,0
DA:107,0
DA:109,4
DA:110,4
DA:111,4
DA:114,2
DA:115,2
DA:116,2
DA:117,2
DA:120,2
LF:80
LH:66
BRDA:13,0,0,0
BRDA:13,0,1,64
BRDA:17,1,0,0
BRDA:17,1,1,64
BRDA:21,2,0,0
BRDA:21,2,1,64
BRDA:25,3,0,2
BRDA:25,3,1,62
BRDA:29,4,0,0
BRDA:29,4,1,62
BRDA:37,5,0,1
BRDA:37,5,1,61
BRDA:56,6,0,0
BRDA:56,6,1,57
BRDA:64,7,0,1
BRDA:64,7,1,56
BRDA:69,8,0,2
BRDA:69,8,1,54
BRDA:74,9,0,0
BRDA:74,9,1,54
BRDA:80,10,0,4
BRDA:80,10,1,50
BRDA:87,11,0,50
BRDA:87,11,1,0
BRDA:98,12,0,1
BRDA:98,12,1,4
BRDA:105,13,0,0
BRDA:105,13,1,4
BRF:28
BRH:20
end_of_record
